  billet.cpp
  billetRegulier.cpp
  billetRegulierSolde.cpp
c:\users\mathblin\desktop\polytechnique\automne 2019\inf1010\travaux pratiques\td_inf1010\td4\td4\billetreguliersolde.cpp(11): error C2512: 'BilletRegulier' : aucun constructeur par défaut approprié disponible
  c:\users\mathblin\desktop\polytechnique\automne 2019\inf1010\travaux pratiques\td_inf1010\td4\td4\billetregulier.h(14): note: voir la déclaration de 'BilletRegulier'
c:\users\mathblin\desktop\polytechnique\automne 2019\inf1010\travaux pratiques\td_inf1010\td4\td4\billetreguliersolde.cpp(11): error C2512: 'Solde' : aucun constructeur par défaut approprié disponible
  c:\users\mathblin\desktop\polytechnique\automne 2019\inf1010\travaux pratiques\td_inf1010\td4\td4\solde.h(12): note: voir la déclaration de 'Solde'
  coupon.cpp
  flightPass.cpp
c:\users\mathblin\desktop\polytechnique\automne 2019\inf1010\travaux pratiques\td_inf1010\td4\td4\flightpass.cpp(35): error C2561: 'operator <<' : la fonction doit retourner une valeur
  c:\users\mathblin\desktop\polytechnique\automne 2019\inf1010\travaux pratiques\td_inf1010\td4\td4\flightpass.cpp(30): note: voir la déclaration de 'operator <<'
  flightPassSolde.cpp
c:\users\mathblin\desktop\polytechnique\automne 2019\inf1010\travaux pratiques\td_inf1010\td4\td4\flightpasssolde.cpp(11): error C2512: 'FlightPass' : aucun constructeur par défaut approprié disponible
  c:\users\mathblin\desktop\polytechnique\automne 2019\inf1010\travaux pratiques\td_inf1010\td4\td4\flightpass.h(14): note: voir la déclaration de 'FlightPass'
c:\users\mathblin\desktop\polytechnique\automne 2019\inf1010\travaux pratiques\td_inf1010\td4\td4\flightpasssolde.cpp(11): error C2512: 'Solde' : aucun constructeur par défaut approprié disponible
  c:\users\mathblin\desktop\polytechnique\automne 2019\inf1010\travaux pratiques\td_inf1010\td4\td4\solde.h(12): note: voir la déclaration de 'Solde'
  gestionnaire.cpp
c:\users\mathblin\desktop\polytechnique\automne 2019\inf1010\travaux pratiques\td_inf1010\td4\td4\gestionnaire.cpp(72): error C2039: 'getTypeMembre' : n'est pas membre de 'Membre'
  c:\users\mathblin\desktop\polytechnique\automne 2019\inf1010\travaux pratiques\td_inf1010\td4\td4\membre.h(20): note: voir la déclaration de 'Membre'
c:\users\mathblin\desktop\polytechnique\automne 2019\inf1010\travaux pratiques\td_inf1010\td4\td4\gestionnaire.cpp(73): error C2065: 'Membre_Premium' : identificateur non déclaré
c:\users\mathblin\desktop\polytechnique\automne 2019\inf1010\travaux pratiques\td_inf1010\td4\td4\gestionnaire.cpp(73): error C2131: l'expression n'a pas été évaluée en constante
  c:\users\mathblin\desktop\polytechnique\automne 2019\inf1010\travaux pratiques\td_inf1010\td4\td4\gestionnaire.cpp(73): note: nous avons rencontré une (sous-)expression non constante
c:\users\mathblin\desktop\polytechnique\automne 2019\inf1010\travaux pratiques\td_inf1010\td4\td4\gestionnaire.cpp(82): error C2065: 'Membre_Occasionnel' : identificateur non déclaré
c:\users\mathblin\desktop\polytechnique\automne 2019\inf1010\travaux pratiques\td_inf1010\td4\td4\gestionnaire.cpp(82): error C2131: l'expression n'a pas été évaluée en constante
  c:\users\mathblin\desktop\polytechnique\automne 2019\inf1010\travaux pratiques\td_inf1010\td4\td4\gestionnaire.cpp(82): note: nous avons rencontré une (sous-)expression non constante
c:\users\mathblin\desktop\polytechnique\automne 2019\inf1010\travaux pratiques\td_inf1010\td4\td4\gestionnaire.cpp(86): error C2065: 'Membre_Regulier' : identificateur non déclaré
c:\users\mathblin\desktop\polytechnique\automne 2019\inf1010\travaux pratiques\td_inf1010\td4\td4\gestionnaire.cpp(86): error C2131: l'expression n'a pas été évaluée en constante
  c:\users\mathblin\desktop\polytechnique\automne 2019\inf1010\travaux pratiques\td_inf1010\td4\td4\gestionnaire.cpp(86): note: nous avons rencontré une (sous-)expression non constante
c:\users\mathblin\desktop\polytechnique\automne 2019\inf1010\travaux pratiques\td_inf1010\td4\td4\gestionnaire.cpp(173): warning C4018: '<' : incompatibilité signed/unsigned
c:\users\mathblin\desktop\polytechnique\automne 2019\inf1010\travaux pratiques\td_inf1010\td4\td4\gestionnaire.cpp(174): error C2039: 'getTypeMembre' : n'est pas membre de 'Membre'
  c:\users\mathblin\desktop\polytechnique\automne 2019\inf1010\travaux pratiques\td_inf1010\td4\td4\membre.h(20): note: voir la déclaration de 'Membre'
c:\users\mathblin\desktop\polytechnique\automne 2019\inf1010\travaux pratiques\td_inf1010\td4\td4\gestionnaire.cpp(176): error C2065: 'Membre_Premium' : identificateur non déclaré
c:\users\mathblin\desktop\polytechnique\automne 2019\inf1010\travaux pratiques\td_inf1010\td4\td4\gestionnaire.cpp(176): error C2131: l'expression n'a pas été évaluée en constante
  c:\users\mathblin\desktop\polytechnique\automne 2019\inf1010\travaux pratiques\td_inf1010\td4\td4\gestionnaire.cpp(176): note: nous avons rencontré une (sous-)expression non constante
c:\users\mathblin\desktop\polytechnique\automne 2019\inf1010\travaux pratiques\td_inf1010\td4\td4\gestionnaire.cpp(179): error C2065: 'Membre_Occasionnel' : identificateur non déclaré
c:\users\mathblin\desktop\polytechnique\automne 2019\inf1010\travaux pratiques\td_inf1010\td4\td4\gestionnaire.cpp(179): error C2131: l'expression n'a pas été évaluée en constante
  c:\users\mathblin\desktop\polytechnique\automne 2019\inf1010\travaux pratiques\td_inf1010\td4\td4\gestionnaire.cpp(179): note: nous avons rencontré une (sous-)expression non constante
c:\users\mathblin\desktop\polytechnique\automne 2019\inf1010\travaux pratiques\td_inf1010\td4\td4\gestionnaire.cpp(182): error C2065: 'Membre_Regulier' : identificateur non déclaré
c:\users\mathblin\desktop\polytechnique\automne 2019\inf1010\travaux pratiques\td_inf1010\td4\td4\gestionnaire.cpp(182): error C2131: l'expression n'a pas été évaluée en constante
  c:\users\mathblin\desktop\polytechnique\automne 2019\inf1010\travaux pratiques\td_inf1010\td4\td4\gestionnaire.cpp(182): note: nous avons rencontré une (sous-)expression non constante
  main.cpp
  membre.cpp
c:\users\mathblin\desktop\polytechnique\automne 2019\inf1010\travaux pratiques\td_inf1010\td4\td4\membre.cpp(24): error C2039: 'getTypeBillet' : n'est pas membre de 'Billet'
  c:\users\mathblin\desktop\polytechnique\automne 2019\inf1010\travaux pratiques\td_inf1010\td4\td4\billet.h(17): note: voir la déclaration de 'Billet'
c:\users\mathblin\desktop\polytechnique\automne 2019\inf1010\travaux pratiques\td_inf1010\td4\td4\membre.cpp(25): error C2653: 'TypeBillet' : n'est pas un nom de classe ni d'espace de noms
c:\users\mathblin\desktop\polytechnique\automne 2019\inf1010\travaux pratiques\td_inf1010\td4\td4\membre.cpp(25): error C2065: 'Billet_Base' : identificateur non déclaré
c:\users\mathblin\desktop\polytechnique\automne 2019\inf1010\travaux pratiques\td_inf1010\td4\td4\membre.cpp(25): error C2131: l'expression n'a pas été évaluée en constante
  c:\users\mathblin\desktop\polytechnique\automne 2019\inf1010\travaux pratiques\td_inf1010\td4\td4\membre.cpp(25): note: nous avons rencontré une (sous-)expression non constante
c:\users\mathblin\desktop\polytechnique\automne 2019\inf1010\travaux pratiques\td_inf1010\td4\td4\membre.cpp(28): error C2653: 'TypeBillet' : n'est pas un nom de classe ni d'espace de noms
c:\users\mathblin\desktop\polytechnique\automne 2019\inf1010\travaux pratiques\td_inf1010\td4\td4\membre.cpp(28): error C2065: 'Billet_Regulier' : identificateur non déclaré
c:\users\mathblin\desktop\polytechnique\automne 2019\inf1010\travaux pratiques\td_inf1010\td4\td4\membre.cpp(28): error C2131: l'expression n'a pas été évaluée en constante
  c:\users\mathblin\desktop\polytechnique\automne 2019\inf1010\travaux pratiques\td_inf1010\td4\td4\membre.cpp(28): note: nous avons rencontré une (sous-)expression non constante
c:\users\mathblin\desktop\polytechnique\automne 2019\inf1010\travaux pratiques\td_inf1010\td4\td4\membre.cpp(31): error C2653: 'TypeBillet' : n'est pas un nom de classe ni d'espace de noms
c:\users\mathblin\desktop\polytechnique\automne 2019\inf1010\travaux pratiques\td_inf1010\td4\td4\membre.cpp(31): error C2065: 'Flight_Pass' : identificateur non déclaré
c:\users\mathblin\desktop\polytechnique\automne 2019\inf1010\travaux pratiques\td_inf1010\td4\td4\membre.cpp(31): error C2131: l'expression n'a pas été évaluée en constante
  c:\users\mathblin\desktop\polytechnique\automne 2019\inf1010\travaux pratiques\td_inf1010\td4\td4\membre.cpp(31): note: nous avons rencontré une (sous-)expression non constante
c:\users\mathblin\desktop\polytechnique\automne 2019\inf1010\travaux pratiques\td_inf1010\td4\td4\membre.cpp(76): error C2039: 'getTypeBillet' : n'est pas membre de 'Billet'
  c:\users\mathblin\desktop\polytechnique\automne 2019\inf1010\travaux pratiques\td_inf1010\td4\td4\billet.h(17): note: voir la déclaration de 'Billet'
c:\users\mathblin\desktop\polytechnique\automne 2019\inf1010\travaux pratiques\td_inf1010\td4\td4\membre.cpp(76): error C2065: 'Flight_Pass' : identificateur non déclaré
c:\users\mathblin\desktop\polytechnique\automne 2019\inf1010\travaux pratiques\td_inf1010\td4\td4\membre.cpp(118): error C2039: 'getTypeBillet' : n'est pas membre de 'Billet'
  c:\users\mathblin\desktop\polytechnique\automne 2019\inf1010\travaux pratiques\td_inf1010\td4\td4\billet.h(17): note: voir la déclaration de 'Billet'
c:\users\mathblin\desktop\polytechnique\automne 2019\inf1010\travaux pratiques\td_inf1010\td4\td4\membre.cpp(119): error C2653: 'TypeBillet' : n'est pas un nom de classe ni d'espace de noms
c:\users\mathblin\desktop\polytechnique\automne 2019\inf1010\travaux pratiques\td_inf1010\td4\td4\membre.cpp(119): error C2065: 'Billet_Base' : identificateur non déclaré
c:\users\mathblin\desktop\polytechnique\automne 2019\inf1010\travaux pratiques\td_inf1010\td4\td4\membre.cpp(119): error C2131: l'expression n'a pas été évaluée en constante
  c:\users\mathblin\desktop\polytechnique\automne 2019\inf1010\travaux pratiques\td_inf1010\td4\td4\membre.cpp(119): note: nous avons rencontré une (sous-)expression non constante
c:\users\mathblin\desktop\polytechnique\automne 2019\inf1010\travaux pratiques\td_inf1010\td4\td4\membre.cpp(122): error C2653: 'TypeBillet' : n'est pas un nom de classe ni d'espace de noms
c:\users\mathblin\desktop\polytechnique\automne 2019\inf1010\travaux pratiques\td_inf1010\td4\td4\membre.cpp(122): error C2065: 'Billet_Regulier' : identificateur non déclaré
c:\users\mathblin\desktop\polytechnique\automne 2019\inf1010\travaux pratiques\td_inf1010\td4\td4\membre.cpp(122): error C2131: l'expression n'a pas été évaluée en constante
  c:\users\mathblin\desktop\polytechnique\automne 2019\inf1010\travaux pratiques\td_inf1010\td4\td4\membre.cpp(122): note: nous avons rencontré une (sous-)expression non constante
c:\users\mathblin\desktop\polytechnique\automne 2019\inf1010\travaux pratiques\td_inf1010\td4\td4\membre.cpp(125): error C2653: 'TypeBillet' : n'est pas un nom de classe ni d'espace de noms
c:\users\mathblin\desktop\polytechnique\automne 2019\inf1010\travaux pratiques\td_inf1010\td4\td4\membre.cpp(125): error C2065: 'Flight_Pass' : identificateur non déclaré
c:\users\mathblin\desktop\polytechnique\automne 2019\inf1010\travaux pratiques\td_inf1010\td4\td4\membre.cpp(125): error C2131: l'expression n'a pas été évaluée en constante
  c:\users\mathblin\desktop\polytechnique\automne 2019\inf1010\travaux pratiques\td_inf1010\td4\td4\membre.cpp(125): note: nous avons rencontré une (sous-)expression non constante
c:\users\mathblin\desktop\polytechnique\automne 2019\inf1010\travaux pratiques\td_inf1010\td4\td4\membre.cpp(142): error C2039: 'getTypeBillet' : n'est pas membre de 'Billet'
  c:\users\mathblin\desktop\polytechnique\automne 2019\inf1010\travaux pratiques\td_inf1010\td4\td4\billet.h(17): note: voir la déclaration de 'Billet'
c:\users\mathblin\desktop\polytechnique\automne 2019\inf1010\travaux pratiques\td_inf1010\td4\td4\membre.cpp(143): error C2065: 'Billet_Base' : identificateur non déclaré
c:\users\mathblin\desktop\polytechnique\automne 2019\inf1010\travaux pratiques\td_inf1010\td4\td4\membre.cpp(143): error C2131: l'expression n'a pas été évaluée en constante
  c:\users\mathblin\desktop\polytechnique\automne 2019\inf1010\travaux pratiques\td_inf1010\td4\td4\membre.cpp(143): note: nous avons rencontré une (sous-)expression non constante
c:\users\mathblin\desktop\polytechnique\automne 2019\inf1010\travaux pratiques\td_inf1010\td4\td4\membre.cpp(146): error C2065: 'Billet_Regulier' : identificateur non déclaré
c:\users\mathblin\desktop\polytechnique\automne 2019\inf1010\travaux pratiques\td_inf1010\td4\td4\membre.cpp(146): error C2131: l'expression n'a pas été évaluée en constante
  c:\users\mathblin\desktop\polytechnique\automne 2019\inf1010\travaux pratiques\td_inf1010\td4\td4\membre.cpp(146): note: nous avons rencontré une (sous-)expression non constante
c:\users\mathblin\desktop\polytechnique\automne 2019\inf1010\travaux pratiques\td_inf1010\td4\td4\membre.cpp(149): error C2065: 'Flight_Pass' : identificateur non déclaré
c:\users\mathblin\desktop\polytechnique\automne 2019\inf1010\travaux pratiques\td_inf1010\td4\td4\membre.cpp(149): error C2131: l'expression n'a pas été évaluée en constante
  c:\users\mathblin\desktop\polytechnique\automne 2019\inf1010\travaux pratiques\td_inf1010\td4\td4\membre.cpp(149): note: nous avons rencontré une (sous-)expression non constante
  membrePremium.cpp
c:\users\mathblin\desktop\polytechnique\automne 2019\inf1010\travaux pratiques\td_inf1010\td4\td4\membrepremium.cpp(37): warning C4244: 'argument' : conversion de 'double' en 'unsigned int', perte possible de données
c:\users\mathblin\desktop\polytechnique\automne 2019\inf1010\travaux pratiques\td_inf1010\td4\td4\membrepremium.cpp(60): warning C4244: 'argument' : conversion de 'double' en 'int', perte possible de données
  membreRegulier.cpp
c:\users\mathblin\desktop\polytechnique\automne 2019\inf1010\travaux pratiques\td_inf1010\td4\td4\membreregulier.cpp(27): warning C4244: 'argument' : conversion de 'double' en 'int', perte possible de données
c:\users\mathblin\desktop\polytechnique\automne 2019\inf1010\travaux pratiques\td_inf1010\td4\td4\membreregulier.cpp(96): error C2679: '<<' binaire : aucun opérateur trouvé qui accepte un opérande de partie droite de type 'Coupon' (ou il n'existe pas de conversion acceptable)
  c:\program files (x86)\microsoft visual studio\2017\enterprise\vc\tools\msvc\14.16.27023\include\ostream(508): note: est peut-être 'std::basic_ostream<char,std::char_traits<char>> &std::basic_ostream<char,std::char_traits<char>>::operator <<(std::basic_streambuf<char,std::char_traits<char>> *)'
  c:\program files (x86)\microsoft visual studio\2017\enterprise\vc\tools\msvc\14.16.27023\include\ostream(480): note: ou       'std::basic_ostream<char,std::char_traits<char>> &std::basic_ostream<char,std::char_traits<char>>::operator <<(const void *)'
  c:\program files (x86)\microsoft visual studio\2017\enterprise\vc\tools\msvc\14.16.27023\include\ostream(460): note: ou       'std::basic_ostream<char,std::char_traits<char>> &std::basic_ostream<char,std::char_traits<char>>::operator <<(long double)'
  c:\program files (x86)\microsoft visual studio\2017\enterprise\vc\tools\msvc\14.16.27023\include\ostream(440): note: ou       'std::basic_ostream<char,std::char_traits<char>> &std::basic_ostream<char,std::char_traits<char>>::operator <<(double)'
  c:\program files (x86)\microsoft visual studio\2017\enterprise\vc\tools\msvc\14.16.27023\include\ostream(420): note: ou       'std::basic_ostream<char,std::char_traits<char>> &std::basic_ostream<char,std::char_traits<char>>::operator <<(float)'
  c:\program files (x86)\microsoft visual studio\2017\enterprise\vc\tools\msvc\14.16.27023\include\ostream(400): note: ou       'std::basic_ostream<char,std::char_traits<char>> &std::basic_ostream<char,std::char_traits<char>>::operator <<(unsigned __int64)'
  c:\program files (x86)\microsoft visual studio\2017\enterprise\vc\tools\msvc\14.16.27023\include\ostream(380): note: ou       'std::basic_ostream<char,std::char_traits<char>> &std::basic_ostream<char,std::char_traits<char>>::operator <<(__int64)'
  c:\program files (x86)\microsoft visual studio\2017\enterprise\vc\tools\msvc\14.16.27023\include\ostream(360): note: ou       'std::basic_ostream<char,std::char_traits<char>> &std::basic_ostream<char,std::char_traits<char>>::operator <<(unsigned long)'
  c:\program files (x86)\microsoft visual studio\2017\enterprise\vc\tools\msvc\14.16.27023\include\ostream(340): note: ou       'std::basic_ostream<char,std::char_traits<char>> &std::basic_ostream<char,std::char_traits<char>>::operator <<(long)'
  c:\program files (x86)\microsoft visual studio\2017\enterprise\vc\tools\msvc\14.16.27023\include\ostream(320): note: ou       'std::basic_ostream<char,std::char_traits<char>> &std::basic_ostream<char,std::char_traits<char>>::operator <<(unsigned int)'
  c:\program files (x86)\microsoft visual studio\2017\enterprise\vc\tools\msvc\14.16.27023\include\ostream(295): note: ou       'std::basic_ostream<char,std::char_traits<char>> &std::basic_ostream<char,std::char_traits<char>>::operator <<(int)'
  c:\program files (x86)\microsoft visual studio\2017\enterprise\vc\tools\msvc\14.16.27023\include\ostream(275): note: ou       'std::basic_ostream<char,std::char_traits<char>> &std::basic_ostream<char,std::char_traits<char>>::operator <<(unsigned short)'
  c:\program files (x86)\microsoft visual studio\2017\enterprise\vc\tools\msvc\14.16.27023\include\ostream(241): note: ou       'std::basic_ostream<char,std::char_traits<char>> &std::basic_ostream<char,std::char_traits<char>>::operator <<(short)'
  c:\program files (x86)\microsoft visual studio\2017\enterprise\vc\tools\msvc\14.16.27023\include\ostream(221): note: ou       'std::basic_ostream<char,std::char_traits<char>> &std::basic_ostream<char,std::char_traits<char>>::operator <<(bool)'
  c:\program files (x86)\microsoft visual studio\2017\enterprise\vc\tools\msvc\14.16.27023\include\ostream(215): note: ou       'std::basic_ostream<char,std::char_traits<char>> &std::basic_ostream<char,std::char_traits<char>>::operator <<(std::ios_base &(__cdecl *)(std::ios_base &))'
  c:\program files (x86)\microsoft visual studio\2017\enterprise\vc\tools\msvc\14.16.27023\include\ostream(209): note: ou       'std::basic_ostream<char,std::char_traits<char>> &std::basic_ostream<char,std::char_traits<char>>::operator <<(std::basic_ios<char,std::char_traits<char>> &(__cdecl *)(std::basic_ios<char,std::char_traits<char>> &))'
  c:\program files (x86)\microsoft visual studio\2017\enterprise\vc\tools\msvc\14.16.27023\include\ostream(204): note: ou       'std::basic_ostream<char,std::char_traits<char>> &std::basic_ostream<char,std::char_traits<char>>::operator <<(std::basic_ostream<char,std::char_traits<char>> &(__cdecl *)(std::basic_ostream<char,std::char_traits<char>> &))'
  c:\users\mathblin\desktop\polytechnique\automne 2019\inf1010\travaux pratiques\td_inf1010\td4\td4\membreregulier.cpp(90): note: ou       'std::ostream &operator <<(std::ostream &,const MembreRegulier &)'
  c:\program files (x86)\microsoft visual studio\2017\enterprise\vc\tools\msvc\14.16.27023\include\ostream(1047): note: ou       'std::basic_ostream<char,std::char_traits<char>> &std::operator <<<char,std::char_traits<char>>(std::basic_ostream<char,std::char_traits<char>> &,const std::error_code &)'
  c:\program files (x86)\microsoft visual studio\2017\enterprise\vc\tools\msvc\14.16.27023\include\ostream(981): note: ou       'std::basic_ostream<char,std::char_traits<char>> &std::operator <<<std::char_traits<char>>(std::basic_ostream<char,std::char_traits<char>> &,unsigned char)'
  c:\program files (x86)\microsoft visual studio\2017\enterprise\vc\tools\msvc\14.16.27023\include\ostream(974): note: ou       'std::basic_ostream<char,std::char_traits<char>> &std::operator <<<std::char_traits<char>>(std::basic_ostream<char,std::char_traits<char>> &,const unsigned char *)'
  c:\program files (x86)\microsoft visual studio\2017\enterprise\vc\tools\msvc\14.16.27023\include\ostream(967): note: ou       'std::basic_ostream<char,std::char_traits<char>> &std::operator <<<std::char_traits<char>>(std::basic_ostream<char,std::char_traits<char>> &,signed char)'
  c:\program files (x86)\microsoft visual studio\2017\enterprise\vc\tools\msvc\14.16.27023\include\ostream(960): note: ou       'std::basic_ostream<char,std::char_traits<char>> &std::operator <<<std::char_traits<char>>(std::basic_ostream<char,std::char_traits<char>> &,const signed char *)'
  c:\program files (x86)\microsoft visual studio\2017\enterprise\vc\tools\msvc\14.16.27023\include\ostream(834): note: ou       'std::basic_ostream<char,std::char_traits<char>> &std::operator <<<std::char_traits<char>>(std::basic_ostream<char,std::char_traits<char>> &,char)'
  c:\program files (x86)\microsoft visual studio\2017\enterprise\vc\tools\msvc\14.16.27023\include\ostream(787): note: ou       'std::basic_ostream<char,std::char_traits<char>> &std::operator <<<std::char_traits<char>>(std::basic_ostream<char,std::char_traits<char>> &,const char *)'
  c:\program files (x86)\microsoft visual studio\2017\enterprise\vc\tools\msvc\14.16.27023\include\ostream(749): note: ou       'std::basic_ostream<char,std::char_traits<char>> &std::operator <<<char,std::char_traits<char>>(std::basic_ostream<char,std::char_traits<char>> &,char)'
  c:\program files (x86)\microsoft visual studio\2017\enterprise\vc\tools\msvc\14.16.27023\include\ostream(702): note: ou       'std::basic_ostream<char,std::char_traits<char>> &std::operator <<<char,std::char_traits<char>>(std::basic_ostream<char,std::char_traits<char>> &,const char *)'
  c:\users\mathblin\desktop\polytechnique\automne 2019\inf1010\travaux pratiques\td_inf1010\td4\td4\membreregulier.cpp(96): note: lors de la tentative de mise en correspondance de la liste des arguments '(std::ostream, Coupon)'
  solde.cpp
  Génération de code en cours...
c:\users\mathblin\desktop\polytechnique\automne 2019\inf1010\travaux pratiques\td_inf1010\td4\td4\membrepremium.cpp(54): error C4716: 'MembrePremium::peutAcheterCoupon' : doit retourner une valeur
c:\users\mathblin\desktop\polytechnique\automne 2019\inf1010\travaux pratiques\td_inf1010\td4\td4\billetregulier.cpp(28): error C4716: 'BilletRegulier::clone' : doit retourner une valeur
