  billet.cpp
  coupon.cpp
  gestionnaire.cpp
c:\users\lotfi\documents\cours poly\session 2 (automne 2019)\inf1010\td\td2\td2\gestionnaire.cpp(192): error C2039: 'afficherMembre' : n'est pas membre de 'Membre'
  c:\users\lotfi\documents\cours poly\session 2 (automne 2019)\inf1010\td\td2\td2\membre.h(17): note: voir la déclaration de 'Membre'
  main.cpp
c:\users\lotfi\documents\cours poly\session 2 (automne 2019)\inf1010\td\td2\td2\main.cpp(71): error C2228: la partie gauche de '.size' doit avoir un class/struct/union
  c:\users\lotfi\documents\cours poly\session 2 (automne 2019)\inf1010\td\td2\td2\main.cpp(71): note: le type est 'Coupon **'
c:\users\lotfi\documents\cours poly\session 2 (automne 2019)\inf1010\td\td2\td2\main.cpp(122): error C2676: '-=' binaire : 'Membre' ne définit pas cet opérateur ou une conversion vers un type acceptable pour l'opérateur prédéfini
c:\users\lotfi\documents\cours poly\session 2 (automne 2019)\inf1010\td\td2\td2\main.cpp(127): error C2676: '-=' binaire : 'Membre' ne définit pas cet opérateur ou une conversion vers un type acceptable pour l'opérateur prédéfini
c:\users\lotfi\documents\cours poly\session 2 (automne 2019)\inf1010\td\td2\td2\main.cpp(153): error C2678: '==' binaire : aucun opérateur trouvé qui accepte un opérande de partie gauche de type 'Membre' (ou il n'existe pas de conversion acceptable)
  c:\program files (x86)\microsoft visual studio\2017\enterprise\vc\tools\msvc\14.16.27023\include\system_error(284): note: est peut-être 'bool std::operator ==(const std::error_condition &,const std::error_condition &) noexcept'
  c:\program files (x86)\microsoft visual studio\2017\enterprise\vc\tools\msvc\14.16.27023\include\system_error(278): note: ou       'bool std::operator ==(const std::error_condition &,const std::error_code &) noexcept'
  c:\program files (x86)\microsoft visual studio\2017\enterprise\vc\tools\msvc\14.16.27023\include\system_error(272): note: ou       'bool std::operator ==(const std::error_code &,const std::error_condition &) noexcept'
  c:\program files (x86)\microsoft visual studio\2017\enterprise\vc\tools\msvc\14.16.27023\include\system_error(266): note: ou       'bool std::operator ==(const std::error_code &,const std::error_code &) noexcept'
  c:\program files (x86)\microsoft visual studio\2017\enterprise\vc\tools\msvc\14.16.27023\include\exception(331): note: ou       'bool std::operator ==(const std::exception_ptr &,std::nullptr_t) noexcept'
  c:\program files (x86)\microsoft visual studio\2017\enterprise\vc\tools\msvc\14.16.27023\include\exception(326): note: ou       'bool std::operator ==(std::nullptr_t,const std::exception_ptr &) noexcept'
  c:\program files (x86)\microsoft visual studio\2017\enterprise\vc\tools\msvc\14.16.27023\include\exception(321): note: ou       'bool std::operator ==(const std::exception_ptr &,const std::exception_ptr &) noexcept'
  c:\users\lotfi\documents\cours poly\session 2 (automne 2019)\inf1010\td\td2\td2\main.cpp(154): note: ou       'built-in C++ operator==(const char [5], const char [5])'
  c:\users\lotfi\documents\cours poly\session 2 (automne 2019)\inf1010\td\td2\td2\main.cpp(154): note: lors de la tentative de mise en correspondance de la liste des arguments '(Membre, const char [5])'
c:\users\lotfi\documents\cours poly\session 2 (automne 2019)\inf1010\td\td2\td2\main.cpp(154): error C2678: '==' binaire : aucun opérateur trouvé qui accepte un opérande de partie gauche de type 'Membre' (ou il n'existe pas de conversion acceptable)
  c:\program files (x86)\microsoft visual studio\2017\enterprise\vc\tools\msvc\14.16.27023\include\system_error(284): note: est peut-être 'bool std::operator ==(const std::error_condition &,const std::error_condition &) noexcept'
  c:\program files (x86)\microsoft visual studio\2017\enterprise\vc\tools\msvc\14.16.27023\include\system_error(278): note: ou       'bool std::operator ==(const std::error_condition &,const std::error_code &) noexcept'
  c:\program files (x86)\microsoft visual studio\2017\enterprise\vc\tools\msvc\14.16.27023\include\system_error(272): note: ou       'bool std::operator ==(const std::error_code &,const std::error_condition &) noexcept'
  c:\program files (x86)\microsoft visual studio\2017\enterprise\vc\tools\msvc\14.16.27023\include\system_error(266): note: ou       'bool std::operator ==(const std::error_code &,const std::error_code &) noexcept'
  c:\program files (x86)\microsoft visual studio\2017\enterprise\vc\tools\msvc\14.16.27023\include\exception(331): note: ou       'bool std::operator ==(const std::exception_ptr &,std::nullptr_t) noexcept'
  c:\program files (x86)\microsoft visual studio\2017\enterprise\vc\tools\msvc\14.16.27023\include\exception(326): note: ou       'bool std::operator ==(std::nullptr_t,const std::exception_ptr &) noexcept'
  c:\program files (x86)\microsoft visual studio\2017\enterprise\vc\tools\msvc\14.16.27023\include\exception(321): note: ou       'bool std::operator ==(const std::exception_ptr &,const std::exception_ptr &) noexcept'
  c:\users\lotfi\documents\cours poly\session 2 (automne 2019)\inf1010\td\td2\td2\main.cpp(155): note: ou       'built-in C++ operator==(const char [5], const char [5])'
  c:\users\lotfi\documents\cours poly\session 2 (automne 2019)\inf1010\td\td2\td2\main.cpp(155): note: lors de la tentative de mise en correspondance de la liste des arguments '(Membre, const char [5])'
c:\users\lotfi\documents\cours poly\session 2 (automne 2019)\inf1010\td\td2\td2\main.cpp(155): error C2678: '==' binaire : aucun opérateur trouvé qui accepte un opérande de partie gauche de type 'Membre' (ou il n'existe pas de conversion acceptable)
  c:\program files (x86)\microsoft visual studio\2017\enterprise\vc\tools\msvc\14.16.27023\include\system_error(284): note: est peut-être 'bool std::operator ==(const std::error_condition &,const std::error_condition &) noexcept'
  c:\program files (x86)\microsoft visual studio\2017\enterprise\vc\tools\msvc\14.16.27023\include\system_error(278): note: ou       'bool std::operator ==(const std::error_condition &,const std::error_code &) noexcept'
  c:\program files (x86)\microsoft visual studio\2017\enterprise\vc\tools\msvc\14.16.27023\include\system_error(272): note: ou       'bool std::operator ==(const std::error_code &,const std::error_condition &) noexcept'
  c:\program files (x86)\microsoft visual studio\2017\enterprise\vc\tools\msvc\14.16.27023\include\system_error(266): note: ou       'bool std::operator ==(const std::error_code &,const std::error_code &) noexcept'
  c:\program files (x86)\microsoft visual studio\2017\enterprise\vc\tools\msvc\14.16.27023\include\exception(331): note: ou       'bool std::operator ==(const std::exception_ptr &,std::nullptr_t) noexcept'
  c:\program files (x86)\microsoft visual studio\2017\enterprise\vc\tools\msvc\14.16.27023\include\exception(326): note: ou       'bool std::operator ==(std::nullptr_t,const std::exception_ptr &) noexcept'
  c:\program files (x86)\microsoft visual studio\2017\enterprise\vc\tools\msvc\14.16.27023\include\exception(321): note: ou       'bool std::operator ==(const std::exception_ptr &,const std::exception_ptr &) noexcept'
  c:\users\lotfi\documents\cours poly\session 2 (automne 2019)\inf1010\td\td2\td2\main.cpp(155): note: ou       'built-in C++ operator==(const char [5], const char [5])'
  c:\users\lotfi\documents\cours poly\session 2 (automne 2019)\inf1010\td\td2\td2\main.cpp(155): note: lors de la tentative de mise en correspondance de la liste des arguments '(Membre, const char [5])'
c:\users\lotfi\documents\cours poly\session 2 (automne 2019)\inf1010\td\td2\td2\main.cpp(156): error C2678: '==' binaire : aucun opérateur trouvé qui accepte un opérande de partie gauche de type 'Membre' (ou il n'existe pas de conversion acceptable)
  c:\program files (x86)\microsoft visual studio\2017\enterprise\vc\tools\msvc\14.16.27023\include\system_error(284): note: est peut-être 'bool std::operator ==(const std::error_condition &,const std::error_condition &) noexcept'
  c:\program files (x86)\microsoft visual studio\2017\enterprise\vc\tools\msvc\14.16.27023\include\system_error(278): note: ou       'bool std::operator ==(const std::error_condition &,const std::error_code &) noexcept'
  c:\program files (x86)\microsoft visual studio\2017\enterprise\vc\tools\msvc\14.16.27023\include\system_error(272): note: ou       'bool std::operator ==(const std::error_code &,const std::error_condition &) noexcept'
  c:\program files (x86)\microsoft visual studio\2017\enterprise\vc\tools\msvc\14.16.27023\include\system_error(266): note: ou       'bool std::operator ==(const std::error_code &,const std::error_code &) noexcept'
  c:\program files (x86)\microsoft visual studio\2017\enterprise\vc\tools\msvc\14.16.27023\include\exception(331): note: ou       'bool std::operator ==(const std::exception_ptr &,std::nullptr_t) noexcept'
  c:\program files (x86)\microsoft visual studio\2017\enterprise\vc\tools\msvc\14.16.27023\include\exception(326): note: ou       'bool std::operator ==(std::nullptr_t,const std::exception_ptr &) noexcept'
  c:\program files (x86)\microsoft visual studio\2017\enterprise\vc\tools\msvc\14.16.27023\include\exception(321): note: ou       'bool std::operator ==(const std::exception_ptr &,const std::exception_ptr &) noexcept'
  c:\users\lotfi\documents\cours poly\session 2 (automne 2019)\inf1010\td\td2\td2\main.cpp(156): note: ou       'built-in C++ operator==(const char [5], const char [5])'
  c:\users\lotfi\documents\cours poly\session 2 (automne 2019)\inf1010\td\td2\td2\main.cpp(156): note: lors de la tentative de mise en correspondance de la liste des arguments '(Membre, const char [5])'
c:\users\lotfi\documents\cours poly\session 2 (automne 2019)\inf1010\td\td2\td2\main.cpp(158): error C2679: '==' binaire : aucun opérateur trouvé qui accepte un opérande de partie droite de type 'Membre' (ou il n'existe pas de conversion acceptable)
  c:\program files (x86)\microsoft visual studio\2017\enterprise\vc\tools\msvc\14.16.27023\include\system_error(284): note: est peut-être 'bool std::operator ==(const std::error_condition &,const std::error_condition &) noexcept'
  c:\program files (x86)\microsoft visual studio\2017\enterprise\vc\tools\msvc\14.16.27023\include\system_error(278): note: ou       'bool std::operator ==(const std::error_condition &,const std::error_code &) noexcept'
  c:\program files (x86)\microsoft visual studio\2017\enterprise\vc\tools\msvc\14.16.27023\include\system_error(272): note: ou       'bool std::operator ==(const std::error_code &,const std::error_condition &) noexcept'
  c:\program files (x86)\microsoft visual studio\2017\enterprise\vc\tools\msvc\14.16.27023\include\system_error(266): note: ou       'bool std::operator ==(const std::error_code &,const std::error_code &) noexcept'
  c:\program files (x86)\microsoft visual studio\2017\enterprise\vc\tools\msvc\14.16.27023\include\exception(331): note: ou       'bool std::operator ==(const std::exception_ptr &,std::nullptr_t) noexcept'
  c:\program files (x86)\microsoft visual studio\2017\enterprise\vc\tools\msvc\14.16.27023\include\exception(326): note: ou       'bool std::operator ==(std::nullptr_t,const std::exception_ptr &) noexcept'
  c:\program files (x86)\microsoft visual studio\2017\enterprise\vc\tools\msvc\14.16.27023\include\exception(321): note: ou       'bool std::operator ==(const std::exception_ptr &,const std::exception_ptr &) noexcept'
  c:\users\lotfi\documents\cours poly\session 2 (automne 2019)\inf1010\td\td2\td2\main.cpp(159): note: ou       'built-in C++ operator==(const char [5], const char [5])'
  c:\users\lotfi\documents\cours poly\session 2 (automne 2019)\inf1010\td\td2\td2\main.cpp(159): note: lors de la tentative de mise en correspondance de la liste des arguments '(const char [5], Membre)'
c:\users\lotfi\documents\cours poly\session 2 (automne 2019)\inf1010\td\td2\td2\main.cpp(159): error C2679: '==' binaire : aucun opérateur trouvé qui accepte un opérande de partie droite de type 'Membre' (ou il n'existe pas de conversion acceptable)
  c:\program files (x86)\microsoft visual studio\2017\enterprise\vc\tools\msvc\14.16.27023\include\system_error(284): note: est peut-être 'bool std::operator ==(const std::error_condition &,const std::error_condition &) noexcept'
  c:\program files (x86)\microsoft visual studio\2017\enterprise\vc\tools\msvc\14.16.27023\include\system_error(278): note: ou       'bool std::operator ==(const std::error_condition &,const std::error_code &) noexcept'
  c:\program files (x86)\microsoft visual studio\2017\enterprise\vc\tools\msvc\14.16.27023\include\system_error(272): note: ou       'bool std::operator ==(const std::error_code &,const std::error_condition &) noexcept'
  c:\program files (x86)\microsoft visual studio\2017\enterprise\vc\tools\msvc\14.16.27023\include\system_error(266): note: ou       'bool std::operator ==(const std::error_code &,const std::error_code &) noexcept'
  c:\program files (x86)\microsoft visual studio\2017\enterprise\vc\tools\msvc\14.16.27023\include\exception(331): note: ou       'bool std::operator ==(const std::exception_ptr &,std::nullptr_t) noexcept'
  c:\program files (x86)\microsoft visual studio\2017\enterprise\vc\tools\msvc\14.16.27023\include\exception(326): note: ou       'bool std::operator ==(std::nullptr_t,const std::exception_ptr &) noexcept'
  c:\program files (x86)\microsoft visual studio\2017\enterprise\vc\tools\msvc\14.16.27023\include\exception(321): note: ou       'bool std::operator ==(const std::exception_ptr &,const std::exception_ptr &) noexcept'
  c:\users\lotfi\documents\cours poly\session 2 (automne 2019)\inf1010\td\td2\td2\main.cpp(160): note: ou       'built-in C++ operator==(const char [5], const char [5])'
  c:\users\lotfi\documents\cours poly\session 2 (automne 2019)\inf1010\td\td2\td2\main.cpp(160): note: lors de la tentative de mise en correspondance de la liste des arguments '(const char [5], Membre)'
c:\users\lotfi\documents\cours poly\session 2 (automne 2019)\inf1010\td\td2\td2\main.cpp(160): error C2679: '==' binaire : aucun opérateur trouvé qui accepte un opérande de partie droite de type 'Membre' (ou il n'existe pas de conversion acceptable)
  c:\program files (x86)\microsoft visual studio\2017\enterprise\vc\tools\msvc\14.16.27023\include\system_error(284): note: est peut-être 'bool std::operator ==(const std::error_condition &,const std::error_condition &) noexcept'
  c:\program files (x86)\microsoft visual studio\2017\enterprise\vc\tools\msvc\14.16.27023\include\system_error(278): note: ou       'bool std::operator ==(const std::error_condition &,const std::error_code &) noexcept'
  c:\program files (x86)\microsoft visual studio\2017\enterprise\vc\tools\msvc\14.16.27023\include\system_error(272): note: ou       'bool std::operator ==(const std::error_code &,const std::error_condition &) noexcept'
  c:\program files (x86)\microsoft visual studio\2017\enterprise\vc\tools\msvc\14.16.27023\include\system_error(266): note: ou       'bool std::operator ==(const std::error_code &,const std::error_code &) noexcept'
  c:\program files (x86)\microsoft visual studio\2017\enterprise\vc\tools\msvc\14.16.27023\include\exception(331): note: ou       'bool std::operator ==(const std::exception_ptr &,std::nullptr_t) noexcept'
  c:\program files (x86)\microsoft visual studio\2017\enterprise\vc\tools\msvc\14.16.27023\include\exception(326): note: ou       'bool std::operator ==(std::nullptr_t,const std::exception_ptr &) noexcept'
  c:\program files (x86)\microsoft visual studio\2017\enterprise\vc\tools\msvc\14.16.27023\include\exception(321): note: ou       'bool std::operator ==(const std::exception_ptr &,const std::exception_ptr &) noexcept'
  c:\users\lotfi\documents\cours poly\session 2 (automne 2019)\inf1010\td\td2\td2\main.cpp(160): note: ou       'built-in C++ operator==(const char [5], const char [5])'
  c:\users\lotfi\documents\cours poly\session 2 (automne 2019)\inf1010\td\td2\td2\main.cpp(160): note: lors de la tentative de mise en correspondance de la liste des arguments '(const char [5], Membre)'
c:\users\lotfi\documents\cours poly\session 2 (automne 2019)\inf1010\td\td2\td2\main.cpp(161): error C2679: '==' binaire : aucun opérateur trouvé qui accepte un opérande de partie droite de type 'Membre' (ou il n'existe pas de conversion acceptable)
  c:\program files (x86)\microsoft visual studio\2017\enterprise\vc\tools\msvc\14.16.27023\include\system_error(284): note: est peut-être 'bool std::operator ==(const std::error_condition &,const std::error_condition &) noexcept'
  c:\program files (x86)\microsoft visual studio\2017\enterprise\vc\tools\msvc\14.16.27023\include\system_error(278): note: ou       'bool std::operator ==(const std::error_condition &,const std::error_code &) noexcept'
  c:\program files (x86)\microsoft visual studio\2017\enterprise\vc\tools\msvc\14.16.27023\include\system_error(272): note: ou       'bool std::operator ==(const std::error_code &,const std::error_condition &) noexcept'
  c:\program files (x86)\microsoft visual studio\2017\enterprise\vc\tools\msvc\14.16.27023\include\system_error(266): note: ou       'bool std::operator ==(const std::error_code &,const std::error_code &) noexcept'
  c:\program files (x86)\microsoft visual studio\2017\enterprise\vc\tools\msvc\14.16.27023\include\exception(331): note: ou       'bool std::operator ==(const std::exception_ptr &,std::nullptr_t) noexcept'
  c:\program files (x86)\microsoft visual studio\2017\enterprise\vc\tools\msvc\14.16.27023\include\exception(326): note: ou       'bool std::operator ==(std::nullptr_t,const std::exception_ptr &) noexcept'
  c:\program files (x86)\microsoft visual studio\2017\enterprise\vc\tools\msvc\14.16.27023\include\exception(321): note: ou       'bool std::operator ==(const std::exception_ptr &,const std::exception_ptr &) noexcept'
  c:\users\lotfi\documents\cours poly\session 2 (automne 2019)\inf1010\td\td2\td2\main.cpp(161): note: ou       'built-in C++ operator==(const char [5], const char [5])'
  c:\users\lotfi\documents\cours poly\session 2 (automne 2019)\inf1010\td\td2\td2\main.cpp(161): note: lors de la tentative de mise en correspondance de la liste des arguments '(const char [5], Membre)'
c:\users\lotfi\documents\cours poly\session 2 (automne 2019)\inf1010\td\td2\td2\main.cpp(178): error C2440: 'initialisation' : impossible de convertir de 'Billet **' en 'std::vector<Billet *,std::allocator<_Ty>>'
          with
          [
              _Ty=Billet *
          ]
  c:\users\lotfi\documents\cours poly\session 2 (automne 2019)\inf1010\td\td2\td2\main.cpp(178): note: Aucun constructeur n'a pu prendre le type de source, ou la résolution de la surcharge du constructeur était ambiguë
c:\users\lotfi\documents\cours poly\session 2 (automne 2019)\inf1010\td\td2\td2\main.cpp(179): error C2440: 'initialisation' : impossible de convertir de 'Coupon **' en 'std::vector<Coupon *,std::allocator<_Ty>>'
          with
          [
              _Ty=Coupon *
          ]
  c:\users\lotfi\documents\cours poly\session 2 (automne 2019)\inf1010\td\td2\td2\main.cpp(179): note: Aucun constructeur n'a pu prendre le type de source, ou la résolution de la surcharge du constructeur était ambiguë
c:\users\lotfi\documents\cours poly\session 2 (automne 2019)\inf1010\td\td2\td2\main.cpp(184): error C2679: '==' binaire : aucun opérateur trouvé qui accepte un opérande de partie droite de type 'std::vector<Coupon *,std::allocator<_Ty>>' (ou il n'existe pas de conversion acceptable)
          with
          [
              _Ty=Coupon *
          ]
  c:\program files (x86)\microsoft visual studio\2017\enterprise\vc\tools\msvc\14.16.27023\include\system_error(284): note: est peut-être 'bool std::operator ==(const std::error_condition &,const std::error_condition &) noexcept'
  c:\program files (x86)\microsoft visual studio\2017\enterprise\vc\tools\msvc\14.16.27023\include\system_error(278): note: ou       'bool std::operator ==(const std::error_condition &,const std::error_code &) noexcept'
  c:\program files (x86)\microsoft visual studio\2017\enterprise\vc\tools\msvc\14.16.27023\include\system_error(272): note: ou       'bool std::operator ==(const std::error_code &,const std::error_condition &) noexcept'
  c:\program files (x86)\microsoft visual studio\2017\enterprise\vc\tools\msvc\14.16.27023\include\system_error(266): note: ou       'bool std::operator ==(const std::error_code &,const std::error_code &) noexcept'
  c:\program files (x86)\microsoft visual studio\2017\enterprise\vc\tools\msvc\14.16.27023\include\exception(331): note: ou       'bool std::operator ==(const std::exception_ptr &,std::nullptr_t) noexcept'
  c:\program files (x86)\microsoft visual studio\2017\enterprise\vc\tools\msvc\14.16.27023\include\exception(326): note: ou       'bool std::operator ==(std::nullptr_t,const std::exception_ptr &) noexcept'
  c:\program files (x86)\microsoft visual studio\2017\enterprise\vc\tools\msvc\14.16.27023\include\exception(321): note: ou       'bool std::operator ==(const std::exception_ptr &,const std::exception_ptr &) noexcept'
  c:\users\lotfi\documents\cours poly\session 2 (automne 2019)\inf1010\td\td2\td2\main.cpp(185): note: ou       'built-in C++ operator==(Coupon **, Coupon **)'
  c:\users\lotfi\documents\cours poly\session 2 (automne 2019)\inf1010\td\td2\td2\main.cpp(185): note: lors de la tentative de mise en correspondance de la liste des arguments '(Coupon **, std::vector<Coupon *,std::allocator<_Ty>>)'
          with
          [
              _Ty=Coupon *
          ]
c:\users\lotfi\documents\cours poly\session 2 (automne 2019)\inf1010\td\td2\td2\main.cpp(185): error C2679: '==' binaire : aucun opérateur trouvé qui accepte un opérande de partie droite de type 'std::vector<Billet *,std::allocator<_Ty>>' (ou il n'existe pas de conversion acceptable)
          with
          [
              _Ty=Billet *
          ]
  c:\program files (x86)\microsoft visual studio\2017\enterprise\vc\tools\msvc\14.16.27023\include\system_error(284): note: est peut-être 'bool std::operator ==(const std::error_condition &,const std::error_condition &) noexcept'
  c:\program files (x86)\microsoft visual studio\2017\enterprise\vc\tools\msvc\14.16.27023\include\system_error(278): note: ou       'bool std::operator ==(const std::error_condition &,const std::error_code &) noexcept'
  c:\program files (x86)\microsoft visual studio\2017\enterprise\vc\tools\msvc\14.16.27023\include\system_error(272): note: ou       'bool std::operator ==(const std::error_code &,const std::error_condition &) noexcept'
  c:\program files (x86)\microsoft visual studio\2017\enterprise\vc\tools\msvc\14.16.27023\include\system_error(266): note: ou       'bool std::operator ==(const std::error_code &,const std::error_code &) noexcept'
  c:\program files (x86)\microsoft visual studio\2017\enterprise\vc\tools\msvc\14.16.27023\include\exception(331): note: ou       'bool std::operator ==(const std::exception_ptr &,std::nullptr_t) noexcept'
  c:\program files (x86)\microsoft visual studio\2017\enterprise\vc\tools\msvc\14.16.27023\include\exception(326): note: ou       'bool std::operator ==(std::nullptr_t,const std::exception_ptr &) noexcept'
  c:\program files (x86)\microsoft visual studio\2017\enterprise\vc\tools\msvc\14.16.27023\include\exception(321): note: ou       'bool std::operator ==(const std::exception_ptr &,const std::exception_ptr &) noexcept'
  c:\users\lotfi\documents\cours poly\session 2 (automne 2019)\inf1010\td\td2\td2\main.cpp(186): note: ou       'built-in C++ operator==(Billet **, Billet **)'
  c:\users\lotfi\documents\cours poly\session 2 (automne 2019)\inf1010\td\td2\td2\main.cpp(186): note: lors de la tentative de mise en correspondance de la liste des arguments '(Billet **, std::vector<Billet *,std::allocator<_Ty>>)'
          with
          [
              _Ty=Billet *
          ]
c:\users\lotfi\documents\cours poly\session 2 (automne 2019)\inf1010\td\td2\td2\main.cpp(195): error C2679: '==' binaire : aucun opérateur trouvé qui accepte un opérande de partie droite de type 'std::vector<Coupon *,std::allocator<_Ty>>' (ou il n'existe pas de conversion acceptable)
          with
          [
              _Ty=Coupon *
          ]
  c:\program files (x86)\microsoft visual studio\2017\enterprise\vc\tools\msvc\14.16.27023\include\system_error(284): note: est peut-être 'bool std::operator ==(const std::error_condition &,const std::error_condition &) noexcept'
  c:\program files (x86)\microsoft visual studio\2017\enterprise\vc\tools\msvc\14.16.27023\include\system_error(278): note: ou       'bool std::operator ==(const std::error_condition &,const std::error_code &) noexcept'
  c:\program files (x86)\microsoft visual studio\2017\enterprise\vc\tools\msvc\14.16.27023\include\system_error(272): note: ou       'bool std::operator ==(const std::error_code &,const std::error_condition &) noexcept'
  c:\program files (x86)\microsoft visual studio\2017\enterprise\vc\tools\msvc\14.16.27023\include\system_error(266): note: ou       'bool std::operator ==(const std::error_code &,const std::error_code &) noexcept'
  c:\program files (x86)\microsoft visual studio\2017\enterprise\vc\tools\msvc\14.16.27023\include\exception(331): note: ou       'bool std::operator ==(const std::exception_ptr &,std::nullptr_t) noexcept'
  c:\program files (x86)\microsoft visual studio\2017\enterprise\vc\tools\msvc\14.16.27023\include\exception(326): note: ou       'bool std::operator ==(std::nullptr_t,const std::exception_ptr &) noexcept'
  c:\program files (x86)\microsoft visual studio\2017\enterprise\vc\tools\msvc\14.16.27023\include\exception(321): note: ou       'bool std::operator ==(const std::exception_ptr &,const std::exception_ptr &) noexcept'
  c:\users\lotfi\documents\cours poly\session 2 (automne 2019)\inf1010\td\td2\td2\main.cpp(196): note: ou       'built-in C++ operator==(Coupon **, Coupon **)'
  c:\users\lotfi\documents\cours poly\session 2 (automne 2019)\inf1010\td\td2\td2\main.cpp(196): note: lors de la tentative de mise en correspondance de la liste des arguments '(Coupon **, std::vector<Coupon *,std::allocator<_Ty>>)'
          with
          [
              _Ty=Coupon *
          ]
c:\users\lotfi\documents\cours poly\session 2 (automne 2019)\inf1010\td\td2\td2\main.cpp(196): error C2679: '!=' binaire : aucun opérateur trouvé qui accepte un opérande de partie droite de type 'std::vector<Billet *,std::allocator<_Ty>>' (ou il n'existe pas de conversion acceptable)
          with
          [
              _Ty=Billet *
          ]
  c:\program files (x86)\microsoft visual studio\2017\enterprise\vc\tools\msvc\14.16.27023\include\system_error(306): note: est peut-être 'bool std::operator !=(const std::error_condition &,const std::error_condition &) noexcept'
  c:\program files (x86)\microsoft visual studio\2017\enterprise\vc\tools\msvc\14.16.27023\include\system_error(301): note: ou       'bool std::operator !=(const std::error_condition &,const std::error_code &) noexcept'
  c:\program files (x86)\microsoft visual studio\2017\enterprise\vc\tools\msvc\14.16.27023\include\system_error(296): note: ou       'bool std::operator !=(const std::error_code &,const std::error_condition &) noexcept'
  c:\program files (x86)\microsoft visual studio\2017\enterprise\vc\tools\msvc\14.16.27023\include\system_error(291): note: ou       'bool std::operator !=(const std::error_code &,const std::error_code &) noexcept'
  c:\program files (x86)\microsoft visual studio\2017\enterprise\vc\tools\msvc\14.16.27023\include\exception(346): note: ou       'bool std::operator !=(const std::exception_ptr &,std::nullptr_t) noexcept'
  c:\program files (x86)\microsoft visual studio\2017\enterprise\vc\tools\msvc\14.16.27023\include\exception(341): note: ou       'bool std::operator !=(std::nullptr_t,const std::exception_ptr &) noexcept'
  c:\program files (x86)\microsoft visual studio\2017\enterprise\vc\tools\msvc\14.16.27023\include\exception(336): note: ou       'bool std::operator !=(const std::exception_ptr &,const std::exception_ptr &) noexcept'
  c:\users\lotfi\documents\cours poly\session 2 (automne 2019)\inf1010\td\td2\td2\main.cpp(197): note: ou       'built-in C++ operator!=(Billet **, Billet **)'
  c:\users\lotfi\documents\cours poly\session 2 (automne 2019)\inf1010\td\td2\td2\main.cpp(197): note: lors de la tentative de mise en correspondance de la liste des arguments '(Billet **, std::vector<Billet *,std::allocator<_Ty>>)'
          with
          [
              _Ty=Billet *
          ]
c:\users\lotfi\documents\cours poly\session 2 (automne 2019)\inf1010\td\td2\td2\main.cpp(281): error C2679: '<<' binaire : aucun opérateur trouvé qui accepte un opérande de partie droite de type 'Gestionnaire' (ou il n'existe pas de conversion acceptable)
  c:\program files (x86)\microsoft visual studio\2017\enterprise\vc\tools\msvc\14.16.27023\include\ostream(508): note: est peut-être 'std::basic_ostream<char,std::char_traits<char>> &std::basic_ostream<char,std::char_traits<char>>::operator <<(std::basic_streambuf<char,std::char_traits<char>> *)'
  c:\program files (x86)\microsoft visual studio\2017\enterprise\vc\tools\msvc\14.16.27023\include\ostream(480): note: ou       'std::basic_ostream<char,std::char_traits<char>> &std::basic_ostream<char,std::char_traits<char>>::operator <<(const void *)'
  c:\program files (x86)\microsoft visual studio\2017\enterprise\vc\tools\msvc\14.16.27023\include\ostream(460): note: ou       'std::basic_ostream<char,std::char_traits<char>> &std::basic_ostream<char,std::char_traits<char>>::operator <<(long double)'
  c:\program files (x86)\microsoft visual studio\2017\enterprise\vc\tools\msvc\14.16.27023\include\ostream(440): note: ou       'std::basic_ostream<char,std::char_traits<char>> &std::basic_ostream<char,std::char_traits<char>>::operator <<(double)'
  c:\program files (x86)\microsoft visual studio\2017\enterprise\vc\tools\msvc\14.16.27023\include\ostream(420): note: ou       'std::basic_ostream<char,std::char_traits<char>> &std::basic_ostream<char,std::char_traits<char>>::operator <<(float)'
  c:\program files (x86)\microsoft visual studio\2017\enterprise\vc\tools\msvc\14.16.27023\include\ostream(400): note: ou       'std::basic_ostream<char,std::char_traits<char>> &std::basic_ostream<char,std::char_traits<char>>::operator <<(unsigned __int64)'
  c:\program files (x86)\microsoft visual studio\2017\enterprise\vc\tools\msvc\14.16.27023\include\ostream(380): note: ou       'std::basic_ostream<char,std::char_traits<char>> &std::basic_ostream<char,std::char_traits<char>>::operator <<(__int64)'
  c:\program files (x86)\microsoft visual studio\2017\enterprise\vc\tools\msvc\14.16.27023\include\ostream(360): note: ou       'std::basic_ostream<char,std::char_traits<char>> &std::basic_ostream<char,std::char_traits<char>>::operator <<(unsigned long)'
  c:\program files (x86)\microsoft visual studio\2017\enterprise\vc\tools\msvc\14.16.27023\include\ostream(340): note: ou       'std::basic_ostream<char,std::char_traits<char>> &std::basic_ostream<char,std::char_traits<char>>::operator <<(long)'
  c:\program files (x86)\microsoft visual studio\2017\enterprise\vc\tools\msvc\14.16.27023\include\ostream(320): note: ou       'std::basic_ostream<char,std::char_traits<char>> &std::basic_ostream<char,std::char_traits<char>>::operator <<(unsigned int)'
  c:\program files (x86)\microsoft visual studio\2017\enterprise\vc\tools\msvc\14.16.27023\include\ostream(295): note: ou       'std::basic_ostream<char,std::char_traits<char>> &std::basic_ostream<char,std::char_traits<char>>::operator <<(int)'
  c:\program files (x86)\microsoft visual studio\2017\enterprise\vc\tools\msvc\14.16.27023\include\ostream(275): note: ou       'std::basic_ostream<char,std::char_traits<char>> &std::basic_ostream<char,std::char_traits<char>>::operator <<(unsigned short)'
  c:\program files (x86)\microsoft visual studio\2017\enterprise\vc\tools\msvc\14.16.27023\include\ostream(241): note: ou       'std::basic_ostream<char,std::char_traits<char>> &std::basic_ostream<char,std::char_traits<char>>::operator <<(short)'
  c:\program files (x86)\microsoft visual studio\2017\enterprise\vc\tools\msvc\14.16.27023\include\ostream(221): note: ou       'std::basic_ostream<char,std::char_traits<char>> &std::basic_ostream<char,std::char_traits<char>>::operator <<(bool)'
  c:\program files (x86)\microsoft visual studio\2017\enterprise\vc\tools\msvc\14.16.27023\include\ostream(215): note: ou       'std::basic_ostream<char,std::char_traits<char>> &std::basic_ostream<char,std::char_traits<char>>::operator <<(std::ios_base &(__cdecl *)(std::ios_base &))'
  c:\program files (x86)\microsoft visual studio\2017\enterprise\vc\tools\msvc\14.16.27023\include\ostream(209): note: ou       'std::basic_ostream<char,std::char_traits<char>> &std::basic_ostream<char,std::char_traits<char>>::operator <<(std::basic_ios<char,std::char_traits<char>> &(__cdecl *)(std::basic_ios<char,std::char_traits<char>> &))'
  c:\program files (x86)\microsoft visual studio\2017\enterprise\vc\tools\msvc\14.16.27023\include\ostream(204): note: ou       'std::basic_ostream<char,std::char_traits<char>> &std::basic_ostream<char,std::char_traits<char>>::operator <<(std::basic_ostream<char,std::char_traits<char>> &(__cdecl *)(std::basic_ostream<char,std::char_traits<char>> &))'
  c:\program files (x86)\microsoft visual studio\2017\enterprise\vc\tools\msvc\14.16.27023\include\ostream(1047): note: ou       'std::basic_ostream<char,std::char_traits<char>> &std::operator <<<char,std::char_traits<char>>(std::basic_ostream<char,std::char_traits<char>> &,const std::error_code &)'
  c:\program files (x86)\microsoft visual studio\2017\enterprise\vc\tools\msvc\14.16.27023\include\ostream(981): note: ou       'std::basic_ostream<char,std::char_traits<char>> &std::operator <<<std::char_traits<char>>(std::basic_ostream<char,std::char_traits<char>> &,unsigned char)'
  c:\program files (x86)\microsoft visual studio\2017\enterprise\vc\tools\msvc\14.16.27023\include\ostream(974): note: ou       'std::basic_ostream<char,std::char_traits<char>> &std::operator <<<std::char_traits<char>>(std::basic_ostream<char,std::char_traits<char>> &,const unsigned char *)'
  c:\program files (x86)\microsoft visual studio\2017\enterprise\vc\tools\msvc\14.16.27023\include\ostream(967): note: ou       'std::basic_ostream<char,std::char_traits<char>> &std::operator <<<std::char_traits<char>>(std::basic_ostream<char,std::char_traits<char>> &,signed char)'
  c:\program files (x86)\microsoft visual studio\2017\enterprise\vc\tools\msvc\14.16.27023\include\ostream(960): note: ou       'std::basic_ostream<char,std::char_traits<char>> &std::operator <<<std::char_traits<char>>(std::basic_ostream<char,std::char_traits<char>> &,const signed char *)'
  c:\program files (x86)\microsoft visual studio\2017\enterprise\vc\tools\msvc\14.16.27023\include\ostream(834): note: ou       'std::basic_ostream<char,std::char_traits<char>> &std::operator <<<std::char_traits<char>>(std::basic_ostream<char,std::char_traits<char>> &,char)'
  c:\program files (x86)\microsoft visual studio\2017\enterprise\vc\tools\msvc\14.16.27023\include\ostream(787): note: ou       'std::basic_ostream<char,std::char_traits<char>> &std::operator <<<std::char_traits<char>>(std::basic_ostream<char,std::char_traits<char>> &,const char *)'
  c:\program files (x86)\microsoft visual studio\2017\enterprise\vc\tools\msvc\14.16.27023\include\ostream(749): note: ou       'std::basic_ostream<char,std::char_traits<char>> &std::operator <<<char,std::char_traits<char>>(std::basic_ostream<char,std::char_traits<char>> &,char)'
  c:\program files (x86)\microsoft visual studio\2017\enterprise\vc\tools\msvc\14.16.27023\include\ostream(702): note: ou       'std::basic_ostream<char,std::char_traits<char>> &std::operator <<<char,std::char_traits<char>>(std::basic_ostream<char,std::char_traits<char>> &,const char *)'
  c:\users\lotfi\documents\cours poly\session 2 (automne 2019)\inf1010\td\td2\td2\main.cpp(281): note: lors de la tentative de mise en correspondance de la liste des arguments '(std::ostream, Gestionnaire)'
  membre.cpp
c:\users\lotfi\documents\cours poly\session 2 (automne 2019)\inf1010\td\td2\td2\membre.cpp(11): error C2664: 'std::vector<Billet *,std::allocator<_Ty>>::vector(const std::vector<_Ty,std::allocator<_Ty>> &)' : impossible de convertir l'argument 1 de 'Billet **' en 'const _Alloc &'
          with
          [
              _Ty=Billet *
          ]
          and
          [
              _Alloc=std::allocator<Billet *>
          ]
  c:\users\lotfi\documents\cours poly\session 2 (automne 2019)\inf1010\td\td2\td2\membre.cpp(17): note: Raison : impossible de convertir de 'Billet **' en 'const _Alloc'
          with
          [
              _Alloc=std::allocator<Billet *>
          ]
  c:\users\lotfi\documents\cours poly\session 2 (automne 2019)\inf1010\td\td2\td2\membre.cpp(17): note: Aucun constructeur n'a pu prendre le type de source, ou la résolution de la surcharge du constructeur était ambiguë
c:\users\lotfi\documents\cours poly\session 2 (automne 2019)\inf1010\td\td2\td2\membre.cpp(14): error C2664: 'std::vector<Coupon *,std::allocator<_Ty>>::vector(const std::vector<_Ty,std::allocator<_Ty>> &)' : impossible de convertir l'argument 1 de 'Coupon **' en 'const _Alloc &'
          with
          [
              _Ty=Coupon *
          ]
          and
          [
              _Alloc=std::allocator<Coupon *>
          ]
  c:\users\lotfi\documents\cours poly\session 2 (automne 2019)\inf1010\td\td2\td2\membre.cpp(17): note: Raison : impossible de convertir de 'Coupon **' en 'const _Alloc'
          with
          [
              _Alloc=std::allocator<Coupon *>
          ]
  c:\users\lotfi\documents\cours poly\session 2 (automne 2019)\inf1010\td\td2\td2\membre.cpp(17): note: Aucun constructeur n'a pu prendre le type de source, ou la résolution de la surcharge du constructeur était ambiguë
c:\users\lotfi\documents\cours poly\session 2 (automne 2019)\inf1010\td\td2\td2\membre.cpp(12): error C2614: 'Membre' : initialisation de membre non conforme : 'nbBillets_' n'est ni une base ni un membre
c:\users\lotfi\documents\cours poly\session 2 (automne 2019)\inf1010\td\td2\td2\membre.cpp(13): error C2614: 'Membre' : initialisation de membre non conforme : 'capaciteBillets_' n'est ni une base ni un membre
c:\users\lotfi\documents\cours poly\session 2 (automne 2019)\inf1010\td\td2\td2\membre.cpp(15): error C2614: 'Membre' : initialisation de membre non conforme : 'nbCoupons_' n'est ni une base ni un membre
c:\users\lotfi\documents\cours poly\session 2 (automne 2019)\inf1010\td\td2\td2\membre.cpp(16): error C2614: 'Membre' : initialisation de membre non conforme : 'capaciteCoupons_' n'est ni une base ni un membre
c:\users\lotfi\documents\cours poly\session 2 (automne 2019)\inf1010\td\td2\td2\membre.cpp(23): error C2664: 'std::vector<Billet *,std::allocator<_Ty>>::vector(const std::vector<_Ty,std::allocator<_Ty>> &)' : impossible de convertir l'argument 1 de 'Billet **' en 'const _Alloc &'
          with
          [
              _Ty=Billet *
          ]
          and
          [
              _Alloc=std::allocator<Billet *>
          ]
  c:\users\lotfi\documents\cours poly\session 2 (automne 2019)\inf1010\td\td2\td2\membre.cpp(29): note: Raison : impossible de convertir de 'Billet **' en 'const _Alloc'
          with
          [
              _Alloc=std::allocator<Billet *>
          ]
  c:\users\lotfi\documents\cours poly\session 2 (automne 2019)\inf1010\td\td2\td2\membre.cpp(29): note: Aucun constructeur n'a pu prendre le type de source, ou la résolution de la surcharge du constructeur était ambiguë
c:\users\lotfi\documents\cours poly\session 2 (automne 2019)\inf1010\td\td2\td2\membre.cpp(26): error C2664: 'std::vector<Coupon *,std::allocator<_Ty>>::vector(const std::vector<_Ty,std::allocator<_Ty>> &)' : impossible de convertir l'argument 1 de 'Coupon **' en 'const _Alloc &'
          with
          [
              _Ty=Coupon *
          ]
          and
          [
              _Alloc=std::allocator<Coupon *>
          ]
  c:\users\lotfi\documents\cours poly\session 2 (automne 2019)\inf1010\td\td2\td2\membre.cpp(29): note: Raison : impossible de convertir de 'Coupon **' en 'const _Alloc'
          with
          [
              _Alloc=std::allocator<Coupon *>
          ]
  c:\users\lotfi\documents\cours poly\session 2 (automne 2019)\inf1010\td\td2\td2\membre.cpp(29): note: Aucun constructeur n'a pu prendre le type de source, ou la résolution de la surcharge du constructeur était ambiguë
c:\users\lotfi\documents\cours poly\session 2 (automne 2019)\inf1010\td\td2\td2\membre.cpp(24): error C2614: 'Membre' : initialisation de membre non conforme : 'nbBillets_' n'est ni une base ni un membre
c:\users\lotfi\documents\cours poly\session 2 (automne 2019)\inf1010\td\td2\td2\membre.cpp(25): error C2614: 'Membre' : initialisation de membre non conforme : 'capaciteBillets_' n'est ni une base ni un membre
c:\users\lotfi\documents\cours poly\session 2 (automne 2019)\inf1010\td\td2\td2\membre.cpp(27): error C2614: 'Membre' : initialisation de membre non conforme : 'nbCoupons_' n'est ni une base ni un membre
c:\users\lotfi\documents\cours poly\session 2 (automne 2019)\inf1010\td\td2\td2\membre.cpp(28): error C2614: 'Membre' : initialisation de membre non conforme : 'capaciteCoupons_' n'est ni une base ni un membre
c:\users\lotfi\documents\cours poly\session 2 (automne 2019)\inf1010\td\td2\td2\membre.cpp(34): warning C4018: '<' : incompatibilité signed/unsigned
c:\users\lotfi\documents\cours poly\session 2 (automne 2019)\inf1010\td\td2\td2\membre.cpp(38): warning C4018: '<' : incompatibilité signed/unsigned
c:\users\lotfi\documents\cours poly\session 2 (automne 2019)\inf1010\td\td2\td2\membre.cpp(46): error C2065: 'nbBillets_' : identificateur non déclaré
c:\users\lotfi\documents\cours poly\session 2 (automne 2019)\inf1010\td\td2\td2\membre.cpp(49): error C2440: 'delete' : impossible de convertir de 'std::vector<Billet *,std::allocator<_Ty>>' en 'void*'
          with
          [
              _Ty=Billet *
          ]
  c:\users\lotfi\documents\cours poly\session 2 (automne 2019)\inf1010\td\td2\td2\membre.cpp(49): note: Aucun opérateur de conversion définie par l'utilisateur disponible qui puisse effectuer cette conversion, ou l'opérateur ne peut pas être appelé
c:\users\lotfi\documents\cours poly\session 2 (automne 2019)\inf1010\td\td2\td2\membre.cpp(51): error C2440: 'delete' : impossible de convertir de 'std::vector<Coupon *,std::allocator<_Ty>>' en 'void*'
          with
          [
              _Ty=Coupon *
          ]
  c:\users\lotfi\documents\cours poly\session 2 (automne 2019)\inf1010\td\td2\td2\membre.cpp(51): note: Aucun opérateur de conversion définie par l'utilisateur disponible qui puisse effectuer cette conversion, ou l'opérateur ne peut pas être appelé
c:\users\lotfi\documents\cours poly\session 2 (automne 2019)\inf1010\td\td2\td2\membre.cpp(66): error C2440: 'return' : impossible de convertir de 'const std::vector<Billet *,std::allocator<_Ty>>' en 'Billet **'
          with
          [
              _Ty=Billet *
          ]
  c:\users\lotfi\documents\cours poly\session 2 (automne 2019)\inf1010\td\td2\td2\membre.cpp(66): note: Aucun opérateur de conversion définie par l'utilisateur disponible qui puisse effectuer cette conversion, ou l'opérateur ne peut pas être appelé
c:\users\lotfi\documents\cours poly\session 2 (automne 2019)\inf1010\td\td2\td2\membre.cpp(71): error C2440: 'return' : impossible de convertir de 'const std::vector<Coupon *,std::allocator<_Ty>>' en 'Coupon **'
          with
          [
              _Ty=Coupon *
          ]
  c:\users\lotfi\documents\cours poly\session 2 (automne 2019)\inf1010\td\td2\td2\membre.cpp(71): note: Aucun opérateur de conversion définie par l'utilisateur disponible qui puisse effectuer cette conversion, ou l'opérateur ne peut pas être appelé
c:\users\lotfi\documents\cours poly\session 2 (automne 2019)\inf1010\td\td2\td2\membre.cpp(76): error C2065: 'nbBillets_' : identificateur non déclaré
c:\users\lotfi\documents\cours poly\session 2 (automne 2019)\inf1010\td\td2\td2\membre.cpp(81): error C2065: 'nbCoupons_' : identificateur non déclaré
c:\users\lotfi\documents\cours poly\session 2 (automne 2019)\inf1010\td\td2\td2\membre.cpp(86): error C2065: 'capaciteBillets_' : identificateur non déclaré
c:\users\lotfi\documents\cours poly\session 2 (automne 2019)\inf1010\td\td2\td2\membre.cpp(91): error C2065: 'capaciteCoupons_' : identificateur non déclaré
c:\users\lotfi\documents\cours poly\session 2 (automne 2019)\inf1010\td\td2\td2\membre.cpp(107): error C2065: 'nbBillets_' : identificateur non déclaré
c:\users\lotfi\documents\cours poly\session 2 (automne 2019)\inf1010\td\td2\td2\membre.cpp(107): error C2065: 'capaciteBillets_' : identificateur non déclaré
c:\users\lotfi\documents\cours poly\session 2 (automne 2019)\inf1010\td\td2\td2\membre.cpp(108): error C2065: 'capaciteBillets_' : identificateur non déclaré
c:\users\lotfi\documents\cours poly\session 2 (automne 2019)\inf1010\td\td2\td2\membre.cpp(110): error C2065: 'capaciteBillets_' : identificateur non déclaré
c:\users\lotfi\documents\cours poly\session 2 (automne 2019)\inf1010\td\td2\td2\membre.cpp(112): error C2065: 'nbBillets_' : identificateur non déclaré
c:\users\lotfi\documents\cours poly\session 2 (automne 2019)\inf1010\td\td2\td2\membre.cpp(115): error C2440: 'delete' : impossible de convertir de 'std::vector<Billet *,std::allocator<_Ty>>' en 'void*'
          with
          [
              _Ty=Billet *
          ]
  c:\users\lotfi\documents\cours poly\session 2 (automne 2019)\inf1010\td\td2\td2\membre.cpp(115): note: Aucun opérateur de conversion définie par l'utilisateur disponible qui puisse effectuer cette conversion, ou l'opérateur ne peut pas être appelé
c:\users\lotfi\documents\cours poly\session 2 (automne 2019)\inf1010\td\td2\td2\membre.cpp(117): error C2679: '=' binaire : aucun opérateur trouvé qui accepte un opérande de partie droite de type 'Billet **' (ou il n'existe pas de conversion acceptable)
  c:\program files (x86)\microsoft visual studio\2017\enterprise\vc\tools\msvc\14.16.27023\include\vector(1419): note: est peut-être 'std::vector<Billet *,std::allocator<_Ty>> &std::vector<_Ty,std::allocator<_Ty>>::operator =(std::initializer_list<_Ty>)'
          with
          [
              _Ty=Billet *
          ]
  c:\program files (x86)\microsoft visual studio\2017\enterprise\vc\tools\msvc\14.16.27023\include\vector(1398): note: ou       'std::vector<Billet *,std::allocator<_Ty>> &std::vector<_Ty,std::allocator<_Ty>>::operator =(const std::vector<_Ty,std::allocator<_Ty>> &)'
          with
          [
              _Ty=Billet *
          ]
  c:\program files (x86)\microsoft visual studio\2017\enterprise\vc\tools\msvc\14.16.27023\include\vector(873): note: ou       'std::vector<Billet *,std::allocator<_Ty>> &std::vector<_Ty,std::allocator<_Ty>>::operator =(std::vector<_Ty,std::allocator<_Ty>> &&) noexcept(<expr>)'
          with
          [
              _Ty=Billet *
          ]
  c:\users\lotfi\documents\cours poly\session 2 (automne 2019)\inf1010\td\td2\td2\membre.cpp(117): note: lors de la tentative de mise en correspondance de la liste des arguments '(std::vector<Billet *,std::allocator<_Ty>>, Billet **)'
          with
          [
              _Ty=Billet *
          ]
c:\users\lotfi\documents\cours poly\session 2 (automne 2019)\inf1010\td\td2\td2\membre.cpp(119): error C2065: 'nbBillets_' : identificateur non déclaré
c:\users\lotfi\documents\cours poly\session 2 (automne 2019)\inf1010\td\td2\td2\membre.cpp(120): warning C4244: 'argument' : conversion de 'double' en 'int', perte possible de données
c:\users\lotfi\documents\cours poly\session 2 (automne 2019)\inf1010\td\td2\td2\membre.cpp(127): error C3861: 'ajouterCoupon' : identificateur introuvable
c:\users\lotfi\documents\cours poly\session 2 (automne 2019)\inf1010\td\td2\td2\membre.cpp(176): error C2065: 'nbCoupons_' : identificateur non déclaré
c:\users\lotfi\documents\cours poly\session 2 (automne 2019)\inf1010\td\td2\td2\membre.cpp(178): error C2065: 'nbCoupons_' : identificateur non déclaré
c:\users\lotfi\documents\cours poly\session 2 (automne 2019)\inf1010\td\td2\td2\membre.cpp(179): error C2065: 'nbCoupons_' : identificateur non déclaré
c:\users\lotfi\documents\cours poly\session 2 (automne 2019)\inf1010\td\td2\td2\membre.cpp(194): warning C4018: '<' : incompatibilité signed/unsigned
c:\users\lotfi\documents\cours poly\session 2 (automne 2019)\inf1010\td\td2\td2\membre.cpp(198): warning C4018: '<' : incompatibilité signed/unsigned
  Génération de code en cours...
c:\users\lotfi\documents\cours poly\session 2 (automne 2019)\inf1010\td\td2\td2\billet.cpp(117): error C4716: 'operator<<' : doit retourner une valeur
